Array
(
    [order_id] => 123
    [customer] => luiz
    [email] => luiz.herniq12@gmail.com
    [total_amount] => 100
)
Array
(
    [order_id] => 123
    [customer] => luiz
    [email] => luiz.herniq12@gmail.com
    [total_amount] => 100
)
Array
(
    [order_id] => 123
    [customer] => luiz
    [email] => luiz.herniq12@gmail.com
    [total_amount] => 100
)
Array
(
    [order_id] => 123
    [customer] => luiz
    [email] => luiz.herniq12@gmail.com
    [total_amount] => 100
)
Array
(
    [order_id] => 123
    [customer] => luiz
    [email] => luiz.herniq12@gmail.com
    [total_amount] => 100
)
Array
(
    [order_id] => 123
    [customer] => luiz
    [email] => luiz.herniq12@gmail.com
    [total_amount] => 100
)
Array
(
    [order_id] => 123
    [customer] => luiz
    [email] => luiz.herniq12@gmail.com
    [total_amount] => 100
)
Array
(
    [order_id] => 123
    [customer] => luiz
    [email] => luiz.herniq12@gmail.com
    [total_amount] => 100
)
